Using pre-set license
Built from '2020.3/release' branch; Version is '2020.3.2f1 (8fd9074bf66c) revision 9427207'; Using compiler version '192528614'; Build Type 'Release'
OS: 'Windows 10 Pro; OS build 19042.867; Version 2009; 64bit' Language: 'en' Physical Memory: 32679 MB
BatchMode: 1, IsHumanControllingUs: 0, StartBugReporterOnCrash: 0, Is64bit: 1, IsPro: 0

 COMMAND LINE ARGUMENTS:
C:\Program Files\Unity Editors\2020.3.2f1\Editor\Unity.exe
-adb2
-batchMode
-noUpm
-name
AssetImportWorker0
-projectPath
C:/Users/Ayden/Desktop/Unity/First-VR-Game/First VR Game
-logFile
Logs/AssetImportWorker0.log
-srvPort
50327
Successfully changed project path to: C:/Users/Ayden/Desktop/Unity/First-VR-Game/First VR Game
C:/Users/Ayden/Desktop/Unity/First-VR-Game/First VR Game
Using Asset Import Pipeline V2.
Unable to join player connection multicast group.

Refreshing native plugins compatible for Editor in 50.16 ms, found 3 plugins.
Preloading 1 native plugins for Editor in 0.95 ms.
Initialize engine version: 2020.3.2f1 (8fd9074bf66c)
[Subsystems] Discovering subsystems at path C:/Program Files/Unity Editors/2020.3.2f1/Editor/Data/Resources/UnitySubsystems
[Subsystems] Discovering subsystems at path C:/Users/Ayden/Desktop/Unity/First-VR-Game/First VR Game/Assets
GfxDevice: creating device client; threaded=0
Direct3D:
    Version:  Direct3D 11.0 [level 11.1]
    Renderer: NVIDIA GeForce GTX 1660 Ti (ID=0x2182)
    Vendor:   
    VRAM:     5991 MB
    Driver:   27.21.14.6192
Initialize mono
Mono path[0] = 'C:/Program Files/Unity Editors/2020.3.2f1/Editor/Data/Managed'
Mono path[1] = 'C:/Program Files/Unity Editors/2020.3.2f1/Editor/Data/MonoBleedingEdge/lib/mono/unityjit'
Mono config path = 'C:/Program Files/Unity Editors/2020.3.2f1/Editor/Data/MonoBleedingEdge/etc'
Using monoOptions --debugger-agent=transport=dt_socket,embedding=1,server=y,suspend=n,address=127.0.0.1:56744
Begin MonoManager ReloadAssembly
Registering precompiled unity dll's ...
Register platform support module: C:/Program Files/Unity Editors/2020.3.2f1/Editor/Data/PlaybackEngines/WebGLSupport/UnityEditor.WebGL.Extensions.dll
Register platform support module: C:/Program Files/Unity Editors/2020.3.2f1/Editor/Data/PlaybackEngines/WindowsStandaloneSupport/UnityEditor.WindowsStandalone.Extensions.dll
Registered in 0.002388 seconds.
Native extension for WindowsStandalone target not found
Native extension for WebGL target not found
Refreshing native plugins compatible for Editor in 54.82 ms, found 3 plugins.
Preloading 1 native plugins for Editor in 0.54 ms.
Invoked RoslynAnalysisRunner static constructor.
RoslynAnalysisRunner will not be running.
RoslynAnalysisRunner has terminated.
Mono: successfully reloaded assembly
- Completed reload, in  2.062 seconds
Platform modules already initialized, skipping
Registering precompiled user dll's ...
Registered in 0.002458 seconds.
Begin MonoManager ReloadAssembly
Native extension for WindowsStandalone target not found
Native extension for WebGL target not found
Refreshing native plugins compatible for Editor in 49.32 ms, found 3 plugins.
Preloading 1 native plugins for Editor in 0.15 ms.
Invoked RoslynAnalysisRunner static constructor.
RoslynAnalysisRunner will not be running.
RoslynAnalysisRunner has terminated.
[XR] OculusXRPlugin: registering subsystems
[XR] Unable to register display lifecyle provider: [1]
[XR] Oculus Input lifecycle provider registered.
[XR] Unable to register input lifecyle provider: [1]
NullReferenceException: Object reference not set to an instance of an object
  at Unity.XR.Oculus.OculusLoader.AssetPathToAbsolutePath (System.String assetPath) [0x00048] in C:\Users\Ayden\Desktop\Unity\First-VR-Game\First VR Game\Library\PackageCache\com.unity.xr.oculus@1.8.1\Runtime\OculusLoader.cs:243 
  at Unity.XR.Oculus.OculusLoader.EditorLoadOVRPlugin () [0x0007b] in C:\Users\Ayden\Desktop\Unity\First-VR-Game\First VR Game\Library\PackageCache\com.unity.xr.oculus@1.8.1\Runtime\OculusLoader.cs:228 

(Filename: Library/PackageCache/com.unity.xr.oculus@1.8.1/Runtime/OculusLoader.cs Line: 243)

Mono: successfully reloaded assembly
- Completed reload, in  0.960 seconds
Platform modules already initialized, skipping
========================================================================
Worker process is ready to serve import requests
Shader 'Universal Render Pipeline/Particles/Lit': fallback shader 'Universal Render Pipeline/Particles/SimpleLit' not found
Shader 'Universal Render Pipeline/Particles/Lit': fallback shader 'Universal Render Pipeline/Particles/SimpleLit' not found
Launched and connected shader compiler UnityShaderCompiler.exe after 0.04 seconds
Refreshing native plugins compatible for Editor in 0.94 ms, found 3 plugins.
Preloading 1 native plugins for Editor in 0.16 ms.
Unloading 2951 Unused Serialized files (Serialized files now loaded: 0)
System memory in use before: 132.1 MB.
System memory in use after: 129.4 MB.

Unloading 48 unused Assets to reduce memory usage. Loaded Objects now: 3362.
Total: 3.746700 ms (FindLiveObjects: 0.371100 ms CreateObjectMapping: 0.118500 ms MarkObjects: 1.987500 ms  DeleteObjects: 1.267900 ms)

========================================================================
Received Import Request.
  path: Assets
  artifactKey: Guid(00000000000000001000000000000000) Importer(815301076,1909f56bfc062723c751e8b465ee728b)
Start importing Assets using Guid(00000000000000001000000000000000) Importer(815301076,1909f56bfc062723c751e8b465ee728b)  -> (artifact id: '819a33a9bd799f71faca6db75e8a216c') in 0.012225 seconds
  Import took 0.017861 seconds .

========================================================================
Received Import Request.
  Time since last request: 7.040188 seconds.
  path: Assets/Materials 1
  artifactKey: Guid(ec6804ba7ae15dc499d16156e9d3bf19) Importer(815301076,1909f56bfc062723c751e8b465ee728b)
Start importing Assets/Materials 1 using Guid(ec6804ba7ae15dc499d16156e9d3bf19) Importer(815301076,1909f56bfc062723c751e8b465ee728b)  -> (artifact id: '798ffee67d0400afefec601c52e10e01') in 0.007529 seconds
  Import took 0.012019 seconds .

========================================================================
Received Import Request.
  Time since last request: 2.157637 seconds.
  path: Assets/Materials
  artifactKey: Guid(d0234ba368eeec9418390da711bfdad0) Importer(815301076,1909f56bfc062723c751e8b465ee728b)
Start importing Assets/Materials using Guid(d0234ba368eeec9418390da711bfdad0) Importer(815301076,1909f56bfc062723c751e8b465ee728b)  -> (artifact id: 'cf5a6696a581935533fe886b4fdbe084') in 0.007698 seconds
  Import took 0.012382 seconds .

========================================================================
Received Import Request.
  Time since last request: 0.026099 seconds.
  path: Assets/Materials/Skybox_Mat.mat
  artifactKey: Guid(0ffaa0b7117ba8c47a9d05ae701d4b4d) Importer(815301076,1909f56bfc062723c751e8b465ee728b)
Start importing Assets/Materials/Skybox_Mat.mat using Guid(0ffaa0b7117ba8c47a9d05ae701d4b4d) Importer(815301076,1909f56bfc062723c751e8b465ee728b)  -> (artifact id: '058d04c3df54d5baad3b296f5ad54744') in 0.188392 seconds
  Import took 0.193640 seconds .

========================================================================
Received Import Request.
  Time since last request: 14.926841 seconds.
  path: Assets/Materials/Black.mat
  artifactKey: Guid(f81026edbe4023d46aa3f5be2f10b200) Importer(815301076,1909f56bfc062723c751e8b465ee728b)
Start importing Assets/Materials/Black.mat using Guid(f81026edbe4023d46aa3f5be2f10b200) Importer(815301076,1909f56bfc062723c751e8b465ee728b)  -> (artifact id: '2bb5c290801619df08c19d5b1d3bb4bb') in 0.023267 seconds
  Import took 0.028639 seconds .

========================================================================
Received Import Request.
  Time since last request: 249.483856 seconds.
  path: Assets/Materials/Black.mat
  artifactKey: Guid(f81026edbe4023d46aa3f5be2f10b200) Importer(815301076,1909f56bfc062723c751e8b465ee728b)
Start importing Assets/Materials/Black.mat using Guid(f81026edbe4023d46aa3f5be2f10b200) Importer(815301076,1909f56bfc062723c751e8b465ee728b)  -> (artifact id: '46a8026709bd92891c2bd2fce7535c5a') in 0.016185 seconds
  Import took 0.022069 seconds .

AssetImportWorkerClient::OnTransportError - code=2 error=End of file
