Using pre-set license
Built from '2020.3/release' branch; Version is '2020.3.2f1 (8fd9074bf66c) revision 9427207'; Using compiler version '192528614'; Build Type 'Release'
OS: 'Windows 10 Pro; OS build 19042.867; Version 2009; 64bit' Language: 'en' Physical Memory: 32679 MB
BatchMode: 1, IsHumanControllingUs: 0, StartBugReporterOnCrash: 0, Is64bit: 1, IsPro: 0

 COMMAND LINE ARGUMENTS:
C:\Program Files\Unity Editors\2020.3.2f1\Editor\Unity.exe
-adb2
-batchMode
-noUpm
-name
AssetImportWorker0
-projectPath
C:/Users/Ayden/Desktop/Unity/First-VR-Game/First VR Game
-logFile
Logs/AssetImportWorker0.log
-srvPort
50094
Successfully changed project path to: C:/Users/Ayden/Desktop/Unity/First-VR-Game/First VR Game
C:/Users/Ayden/Desktop/Unity/First-VR-Game/First VR Game
Using Asset Import Pipeline V2.
Unable to join player connection multicast group.

Refreshing native plugins compatible for Editor in 84.08 ms, found 0 plugins.
Preloading 0 native plugins for Editor in 0.00 ms.
Initialize engine version: 2020.3.2f1 (8fd9074bf66c)
[Subsystems] Discovering subsystems at path C:/Program Files/Unity Editors/2020.3.2f1/Editor/Data/Resources/UnitySubsystems
[Subsystems] Discovering subsystems at path C:/Users/Ayden/Desktop/Unity/First-VR-Game/First VR Game/Assets
GfxDevice: creating device client; threaded=0
Direct3D:
    Version:  Direct3D 11.0 [level 11.1]
    Renderer: NVIDIA GeForce GTX 1660 Ti (ID=0x2182)
    Vendor:   
    VRAM:     5991 MB
    Driver:   27.21.14.6192
Initialize mono
Mono path[0] = 'C:/Program Files/Unity Editors/2020.3.2f1/Editor/Data/Managed'
Mono path[1] = 'C:/Program Files/Unity Editors/2020.3.2f1/Editor/Data/MonoBleedingEdge/lib/mono/unityjit'
Mono config path = 'C:/Program Files/Unity Editors/2020.3.2f1/Editor/Data/MonoBleedingEdge/etc'
Using monoOptions --debugger-agent=transport=dt_socket,embedding=1,server=y,suspend=n,address=127.0.0.1:56944
Begin MonoManager ReloadAssembly
Registering precompiled unity dll's ...
Register platform support module: C:/Program Files/Unity Editors/2020.3.2f1/Editor/Data/PlaybackEngines/WebGLSupport/UnityEditor.WebGL.Extensions.dll
Register platform support module: C:/Program Files/Unity Editors/2020.3.2f1/Editor/Data/PlaybackEngines/WindowsStandaloneSupport/UnityEditor.WindowsStandalone.Extensions.dll
Registered in 0.009155 seconds.
Native extension for WindowsStandalone target not found
Native extension for WebGL target not found
Refreshing native plugins compatible for Editor in 75.86 ms, found 0 plugins.
Preloading 0 native plugins for Editor in 0.00 ms.
Invoked RoslynAnalysisRunner static constructor.
RoslynAnalysisRunner will not be running.
RoslynAnalysisRunner has terminated.
Mono: successfully reloaded assembly
- Completed reload, in  2.701 seconds
Platform modules already initialized, skipping
Registering precompiled user dll's ...
Registered in 0.001991 seconds.
Begin MonoManager ReloadAssembly
Native extension for WindowsStandalone target not found
Native extension for WebGL target not found
Refreshing native plugins compatible for Editor in 40.21 ms, found 0 plugins.
Preloading 0 native plugins for Editor in 0.00 ms.
Invoked RoslynAnalysisRunner static constructor.
RoslynAnalysisRunner will not be running.
RoslynAnalysisRunner has terminated.
Mono: successfully reloaded assembly
- Completed reload, in  0.895 seconds
Platform modules already initialized, skipping
========================================================================
Worker process is ready to serve import requests
Shader 'Universal Render Pipeline/Particles/Lit': fallback shader 'Universal Render Pipeline/Particles/SimpleLit' not found
Shader 'Universal Render Pipeline/Particles/Lit': fallback shader 'Universal Render Pipeline/Particles/SimpleLit' not found
Launched and connected shader compiler UnityShaderCompiler.exe after 0.04 seconds
Refreshing native plugins compatible for Editor in 0.56 ms, found 0 plugins.
Preloading 0 native plugins for Editor in 0.00 ms.
Unloading 2421 Unused Serialized files (Serialized files now loaded: 0)
System memory in use before: 113.6 MB.
System memory in use after: 110.8 MB.

Unloading 45 unused Assets to reduce memory usage. Loaded Objects now: 2827.
Total: 3.444600 ms (FindLiveObjects: 0.315800 ms CreateObjectMapping: 0.055400 ms MarkObjects: 1.810200 ms  DeleteObjects: 1.261900 ms)

========================================================================
Received Import Request.
  path: Assets/Readme.asset
  artifactKey: Guid(83c2ed844a8c74b779a4c823d16594b1) Importer(815301076,1909f56bfc062723c751e8b465ee728b)
Start importing Assets/Readme.asset using Guid(83c2ed844a8c74b779a4c823d16594b1) Importer(815301076,1909f56bfc062723c751e8b465ee728b)  -> (artifact id: '76da366aee205517589073b18f08326b') in 0.039699 seconds
  Import took 0.043943 seconds .

========================================================================
Received Import Request.
  Time since last request: 198.443649 seconds.
  path: Assets/Scenes
  artifactKey: Guid(865d26e3f14975c47b4e3ad7b7fec0d5) Importer(815301076,1909f56bfc062723c751e8b465ee728b)
Start importing Assets/Scenes using Guid(865d26e3f14975c47b4e3ad7b7fec0d5) Importer(815301076,1909f56bfc062723c751e8b465ee728b)  -> (artifact id: '5cb069060da0f83026b1e7fea2decbde') in 0.006570 seconds
  Import took 0.011312 seconds .

========================================================================
Received Import Request.
  Time since last request: 0.001357 seconds.
  path: Assets/Scenes
  artifactKey: Guid(865d26e3f14975c47b4e3ad7b7fec0d5) Importer(815301076,1909f56bfc062723c751e8b465ee728b)
Start importing Assets/Scenes using Guid(865d26e3f14975c47b4e3ad7b7fec0d5) Importer(815301076,1909f56bfc062723c751e8b465ee728b)  -> (artifact id: '5cb069060da0f83026b1e7fea2decbde') in 0.002292 seconds
  Import took 0.006058 seconds .

========================================================================
Received Import Request.
  Time since last request: 4.537094 seconds.
  path: Assets/Scenes/SampleSceneLightingSettings.lighting
  artifactKey: Guid(477cc4148fad3449482a3bc3178594e2) Importer(815301076,1909f56bfc062723c751e8b465ee728b)
Start importing Assets/Scenes/SampleSceneLightingSettings.lighting using Guid(477cc4148fad3449482a3bc3178594e2) Importer(815301076,1909f56bfc062723c751e8b465ee728b)  -> (artifact id: '4576dddfbc4b68eaea4ee64ef04774be') in 0.008815 seconds
  Import took 0.012831 seconds .

========================================================================
Received Import Request.
  Time since last request: 0.017587 seconds.
  path: Assets/Scenes/SampleSceneLightingSettings.lighting
  artifactKey: Guid(477cc4148fad3449482a3bc3178594e2) Importer(815301076,1909f56bfc062723c751e8b465ee728b)
Start importing Assets/Scenes/SampleSceneLightingSettings.lighting using Guid(477cc4148fad3449482a3bc3178594e2) Importer(815301076,1909f56bfc062723c751e8b465ee728b)  -> (artifact id: '4576dddfbc4b68eaea4ee64ef04774be') in 0.002992 seconds
  Import took 0.006864 seconds .

========================================================================
Received Import Request.
  Time since last request: 8.963587 seconds.
  path: Assets/Scenes/VR Building.unity
  artifactKey: Guid(cd31210962f9f2644a4970780a43db4b) Importer(815301076,1909f56bfc062723c751e8b465ee728b)
Start importing Assets/Scenes/VR Building.unity using Guid(cd31210962f9f2644a4970780a43db4b) Importer(815301076,1909f56bfc062723c751e8b465ee728b)  -> (artifact id: 'be7e056cac29cd01171a2b4140640cc0') in 0.007793 seconds
  Import took 0.011911 seconds .

========================================================================
Received Import Request.
  Time since last request: 0.006798 seconds.
  path: Assets/Scenes/VR Building.unity
  artifactKey: Guid(cd31210962f9f2644a4970780a43db4b) Importer(815301076,1909f56bfc062723c751e8b465ee728b)
Start importing Assets/Scenes/VR Building.unity using Guid(cd31210962f9f2644a4970780a43db4b) Importer(815301076,1909f56bfc062723c751e8b465ee728b)  -> (artifact id: 'be7e056cac29cd01171a2b4140640cc0') in 0.002908 seconds
  Import took 0.007102 seconds .

========================================================================
Received Import Request.
  Time since last request: 6.651856 seconds.
  path: Assets/Scenes/VR Bowling.unity
  artifactKey: Guid(cd31210962f9f2644a4970780a43db4b) Importer(815301076,1909f56bfc062723c751e8b465ee728b)
Start importing Assets/Scenes/VR Bowling.unity using Guid(cd31210962f9f2644a4970780a43db4b) Importer(815301076,1909f56bfc062723c751e8b465ee728b)  -> (artifact id: '19e2557088541fdd41be432808a123d8') in 0.007620 seconds
  Import took 0.012271 seconds .

========================================================================
Received Prepare
Registering precompiled user dll's ...
Registered in 0.001387 seconds.
Begin MonoManager ReloadAssembly
Native extension for WindowsStandalone target not found
Native extension for WebGL target not found
Refreshing native plugins compatible for Editor in 41.97 ms, found 0 plugins.
Preloading 0 native plugins for Editor in 0.00 ms.
Invoked RoslynAnalysisRunner static constructor.
RoslynAnalysisRunner will not be running.
RoslynAnalysisRunner has terminated.
Mono: successfully reloaded assembly
- Completed reload, in  0.671 seconds
Platform modules already initialized, skipping
Shader 'Universal Render Pipeline/Particles/Lit': fallback shader 'Universal Render Pipeline/Particles/SimpleLit' not found
Shader 'Universal Render Pipeline/Particles/Lit': fallback shader 'Universal Render Pipeline/Particles/SimpleLit' not found
Refreshing native plugins compatible for Editor in 0.61 ms, found 0 plugins.
Preloading 0 native plugins for Editor in 0.00 ms.
Unloading 2793 Unused Serialized files (Serialized files now loaded: 0)
System memory in use before: 124.5 MB.
System memory in use after: 120.7 MB.

Unloading 100 unused Assets to reduce memory usage. Loaded Objects now: 3214.
Total: 3.583500 ms (FindLiveObjects: 0.376700 ms CreateObjectMapping: 0.067500 ms MarkObjects: 1.288900 ms  DeleteObjects: 1.849200 ms)

AssetImportParameters requested are different than current active one (requested -> active):
  custom:srp/default-shader: 0000e00a000e0de00000e000e0000000 -> 00a0da0d000000000000000000000000
AssetImportWorkerClient::OnTransportError - code=2 error=End of file
